{"/home_hdd/morenovg/courses/midudev/bootcamp2/part10/rate-repository-app/src/theme.js": {"path":"/home_hdd/morenovg/courses/midudev/bootcamp2/part10/rate-repository-app/src/theme.js","statementMap":{"0":{"start":{"line":3,"column":14},"end":{"line":29,"column":1}}},"fnMap":{},"branchMap":{},"s":{"0":1},"f":{},"b":{},"_coverageSchema":"1a1c01bbd47fc00a2c39e90264f33305004495a9","hash":"b06c1cbef47f0d0dfaedcdd9f9b10d811c548278"}
,"/home_hdd/morenovg/courses/midudev/bootcamp2/part10/rate-repository-app/src/components/Text.jsx": {"path":"/home_hdd/morenovg/courses/midudev/bootcamp2/part10/rate-repository-app/src/components/Text.jsx","statementMap":{"0":{"start":{"line":6,"column":15},"end":{"line":25,"column":2}},"1":{"start":{"line":27,"column":13},"end":{"line":40,"column":1}},"2":{"start":{"line":28,"column":20},"end":{"line":35,"column":3}},"3":{"start":{"line":37,"column":2},"end":{"line":39,"column":4}}},"fnMap":{"0":{"name":"(anonymous_0)","decl":{"start":{"line":27,"column":13},"end":{"line":27,"column":14}},"loc":{"start":{"line":27,"column":67},"end":{"line":40,"column":1}},"line":27}},"branchMap":{"0":{"loc":{"start":{"line":30,"column":4},"end":{"line":30,"column":58}},"type":"binary-expr","locations":[{"start":{"line":30,"column":4},"end":{"line":30,"column":29}},{"start":{"line":30,"column":33},"end":{"line":30,"column":58}}],"line":30},"1":{"loc":{"start":{"line":31,"column":4},"end":{"line":31,"column":46}},"type":"binary-expr","locations":[{"start":{"line":31,"column":4},"end":{"line":31,"column":23}},{"start":{"line":31,"column":27},"end":{"line":31,"column":46}}],"line":31},"2":{"loc":{"start":{"line":32,"column":4},"end":{"line":32,"column":58}},"type":"binary-expr","locations":[{"start":{"line":32,"column":4},"end":{"line":32,"column":29}},{"start":{"line":32,"column":33},"end":{"line":32,"column":58}}],"line":32},"3":{"loc":{"start":{"line":33,"column":4},"end":{"line":33,"column":50}},"type":"binary-expr","locations":[{"start":{"line":33,"column":4},"end":{"line":33,"column":25}},{"start":{"line":33,"column":29},"end":{"line":33,"column":50}}],"line":33}},"s":{"0":1,"1":1,"2":22,"3":22},"f":{"0":22},"b":{"0":[22,10],"1":[22,0],"2":[22,2],"3":[22,10]},"_coverageSchema":"1a1c01bbd47fc00a2c39e90264f33305004495a9","hash":"7638b2d725fc3af19638deaa0a27490c8ff7f3cb"}
,"/home_hdd/morenovg/courses/midudev/bootcamp2/part10/rate-repository-app/src/components/RepositoryItem/CountItem.jsx": {"path":"/home_hdd/morenovg/courses/midudev/bootcamp2/part10/rate-repository-app/src/components/RepositoryItem/CountItem.jsx","statementMap":{"0":{"start":{"line":7,"column":15},"end":{"line":17,"column":2}},"1":{"start":{"line":19,"column":18},"end":{"line":28,"column":1}},"2":{"start":{"line":20,"column":2},"end":{"line":27,"column":4}}},"fnMap":{"0":{"name":"(anonymous_0)","decl":{"start":{"line":19,"column":18},"end":{"line":19,"column":19}},"loc":{"start":{"line":19,"column":48},"end":{"line":28,"column":1}},"line":19}},"branchMap":{},"s":{"0":1,"1":1,"2":8},"f":{"0":8},"b":{},"_coverageSchema":"1a1c01bbd47fc00a2c39e90264f33305004495a9","hash":"0cc3025efe7c60ce6f9c6348f6305a31c0f3fb9c"}
,"/home_hdd/morenovg/courses/midudev/bootcamp2/part10/rate-repository-app/src/components/RepositoryItem/index.jsx": {"path":"/home_hdd/morenovg/courses/midudev/bootcamp2/part10/rate-repository-app/src/components/RepositoryItem/index.jsx","statementMap":{"0":{"start":{"line":9,"column":15},"end":{"line":53,"column":2}},"1":{"start":{"line":55,"column":23},"end":{"line":101,"column":1}},"2":{"start":{"line":65,"column":6},"end":{"line":65,"column":16}},"3":{"start":{"line":67,"column":2},"end":{"line":100,"column":4}}},"fnMap":{"0":{"name":"(anonymous_0)","decl":{"start":{"line":55,"column":23},"end":{"line":55,"column":24}},"loc":{"start":{"line":55,"column":43},"end":{"line":101,"column":1}},"line":55}},"branchMap":{"0":{"loc":{"start":{"line":86,"column":11},"end":{"line":90,"column":18}},"type":"cond-expr","locations":[{"start":{"line":87,"column":12},"end":{"line":89,"column":19}},{"start":{"line":90,"column":14},"end":{"line":90,"column":18}}],"line":86}},"s":{"0":1,"1":1,"2":2,"3":2},"f":{"0":2},"b":{"0":[2,0]},"_coverageSchema":"1a1c01bbd47fc00a2c39e90264f33305004495a9","hash":"48968befcd7c0b5b7bb1318574a6a8f1d51f9a3c"}
,"/home_hdd/morenovg/courses/midudev/bootcamp2/part10/rate-repository-app/src/components/RepositoryList/RepositoryListContainer.jsx": {"path":"/home_hdd/morenovg/courses/midudev/bootcamp2/part10/rate-repository-app/src/components/RepositoryList/RepositoryListContainer.jsx","statementMap":{"0":{"start":{"line":6,"column":15},"end":{"line":10,"column":2}},"1":{"start":{"line":12,"column":22},"end":{"line":12,"column":61}},"2":{"start":{"line":12,"column":28},"end":{"line":12,"column":61}},"3":{"start":{"line":14,"column":19},"end":{"line":16,"column":1}},"4":{"start":{"line":15,"column":2},"end":{"line":15,"column":38}},"5":{"start":{"line":18,"column":39},"end":{"line":31,"column":1}},"6":{"start":{"line":19,"column":26},"end":{"line":21,"column":8}},"7":{"start":{"line":20,"column":39},"end":{"line":20,"column":48}},"8":{"start":{"line":23,"column":4},"end":{"line":30,"column":6}},"9":{"start":{"line":26,"column":32},"end":{"line":26,"column":39}}},"fnMap":{"0":{"name":"(anonymous_0)","decl":{"start":{"line":12,"column":22},"end":{"line":12,"column":23}},"loc":{"start":{"line":12,"column":28},"end":{"line":12,"column":61}},"line":12},"1":{"name":"(anonymous_1)","decl":{"start":{"line":14,"column":19},"end":{"line":14,"column":20}},"loc":{"start":{"line":15,"column":2},"end":{"line":15,"column":38}},"line":15},"2":{"name":"(anonymous_2)","decl":{"start":{"line":18,"column":39},"end":{"line":18,"column":40}},"loc":{"start":{"line":18,"column":61},"end":{"line":31,"column":1}},"line":18},"3":{"name":"(anonymous_3)","decl":{"start":{"line":20,"column":29},"end":{"line":20,"column":30}},"loc":{"start":{"line":20,"column":39},"end":{"line":20,"column":48}},"line":20},"4":{"name":"(anonymous_4)","decl":{"start":{"line":26,"column":22},"end":{"line":26,"column":23}},"loc":{"start":{"line":26,"column":32},"end":{"line":26,"column":39}},"line":26}},"branchMap":{"0":{"loc":{"start":{"line":19,"column":26},"end":{"line":21,"column":8}},"type":"cond-expr","locations":[{"start":{"line":20,"column":6},"end":{"line":20,"column":49}},{"start":{"line":21,"column":6},"end":{"line":21,"column":8}}],"line":19}},"s":{"0":1,"1":1,"2":1,"3":1,"4":2,"5":1,"6":1,"7":2,"8":1,"9":2},"f":{"0":1,"1":2,"2":1,"3":2,"4":2},"b":{"0":[1,0]},"_coverageSchema":"1a1c01bbd47fc00a2c39e90264f33305004495a9","hash":"02ad161a23b653b69413cb8ce4df206c09eeb2c2"}
,"/home_hdd/morenovg/courses/midudev/bootcamp2/part10/rate-repository-app/src/utils/formatInThousands.js": {"path":"/home_hdd/morenovg/courses/midudev/bootcamp2/part10/rate-repository-app/src/utils/formatInThousands.js","statementMap":{"0":{"start":{"line":1,"column":14},"end":{"line":3,"column":1}},"1":{"start":{"line":2,"column":2},"end":{"line":2,"column":61}},"2":{"start":{"line":5,"column":26},"end":{"line":17,"column":1}},"3":{"start":{"line":6,"column":2},"end":{"line":8,"column":3}},"4":{"start":{"line":7,"column":4},"end":{"line":7,"column":21}},"5":{"start":{"line":10,"column":2},"end":{"line":12,"column":3}},"6":{"start":{"line":11,"column":4},"end":{"line":11,"column":34}},"7":{"start":{"line":14,"column":22},"end":{"line":14,"column":41}},"8":{"start":{"line":16,"column":2},"end":{"line":16,"column":44}}},"fnMap":{"0":{"name":"(anonymous_0)","decl":{"start":{"line":1,"column":14},"end":{"line":1,"column":15}},"loc":{"start":{"line":1,"column":39},"end":{"line":3,"column":1}},"line":1},"1":{"name":"(anonymous_1)","decl":{"start":{"line":5,"column":26},"end":{"line":5,"column":27}},"loc":{"start":{"line":5,"column":35},"end":{"line":17,"column":1}},"line":5}},"branchMap":{"0":{"loc":{"start":{"line":1,"column":22},"end":{"line":1,"column":34}},"type":"default-arg","locations":[{"start":{"line":1,"column":33},"end":{"line":1,"column":34}}],"line":1},"1":{"loc":{"start":{"line":6,"column":2},"end":{"line":8,"column":3}},"type":"if","locations":[{"start":{"line":6,"column":2},"end":{"line":8,"column":3}},{"start":{"line":6,"column":2},"end":{"line":8,"column":3}}],"line":6},"2":{"loc":{"start":{"line":10,"column":2},"end":{"line":12,"column":3}},"type":"if","locations":[{"start":{"line":10,"column":2},"end":{"line":12,"column":3}},{"start":{"line":10,"column":2},"end":{"line":12,"column":3}}],"line":10}},"s":{"0":1,"1":6,"2":1,"3":16,"4":0,"5":16,"6":10,"7":6,"8":6},"f":{"0":6,"1":16},"b":{"0":[6],"1":[0,16],"2":[10,6]},"_coverageSchema":"1a1c01bbd47fc00a2c39e90264f33305004495a9","hash":"2795374d69b78e25dd9cd9b78474fddd8cbad44a"}
}
