TN:
SF:src/theme.js
FNF:0
FNH:0
DA:3,1
LF:1
LH:1
BRF:0
BRH:0
end_of_record
TN:
SF:src/components/Text.jsx
FN:27,(anonymous_0)
FNF:1
FNH:1
FNDA:22,(anonymous_0)
DA:6,1
DA:27,1
DA:28,22
DA:37,22
LF:4
LH:4
BRDA:30,0,0,22
BRDA:30,0,1,10
BRDA:31,1,0,22
BRDA:31,1,1,0
BRDA:32,2,0,22
BRDA:32,2,1,2
BRDA:33,3,0,22
BRDA:33,3,1,10
BRF:8
BRH:7
end_of_record
TN:
SF:src/components/RepositoryItem/CountItem.jsx
FN:19,(anonymous_0)
FNF:1
FNH:1
FNDA:8,(anonymous_0)
DA:7,1
DA:19,1
DA:20,8
LF:3
LH:3
BRF:0
BRH:0
end_of_record
TN:
SF:src/components/RepositoryItem/index.jsx
FN:55,(anonymous_0)
FNF:1
FNH:1
FNDA:2,(anonymous_0)
DA:9,1
DA:55,1
DA:65,2
DA:67,2
LF:4
LH:4
BRDA:86,0,0,2
BRDA:86,0,1,0
BRF:2
BRH:1
end_of_record
TN:
SF:src/components/RepositoryList/RepositoryListContainer.jsx
FN:12,(anonymous_0)
FN:14,(anonymous_1)
FN:18,(anonymous_2)
FN:20,(anonymous_3)
FN:26,(anonymous_4)
FNF:5
FNH:5
FNDA:1,(anonymous_0)
FNDA:2,(anonymous_1)
FNDA:1,(anonymous_2)
FNDA:2,(anonymous_3)
FNDA:2,(anonymous_4)
DA:6,1
DA:12,1
DA:14,1
DA:15,2
DA:18,1
DA:19,1
DA:20,2
DA:23,1
DA:26,2
LF:9
LH:9
BRDA:19,0,0,1
BRDA:19,0,1,0
BRF:2
BRH:1
end_of_record
TN:
SF:src/utils/formatInThousands.js
FN:1,(anonymous_0)
FN:5,(anonymous_1)
FNF:2
FNH:2
FNDA:6,(anonymous_0)
FNDA:16,(anonymous_1)
DA:1,1
DA:2,6
DA:5,1
DA:6,16
DA:7,0
DA:10,16
DA:11,10
DA:14,6
DA:16,6
LF:9
LH:8
BRDA:1,0,0,6
BRDA:6,1,0,0
BRDA:6,1,1,16
BRDA:10,2,0,10
BRDA:10,2,1,6
BRF:5
BRH:4
end_of_record
